2013-05-30 18:09:46 org.catais.brw.App [INFO] Start: Thu May 30 18:09:46 CEST 2013
2013-05-30 18:09:46 org.catais.brw.utils.ReadProperties [DEBUG] dbhost: localhost
2013-05-30 18:09:46 org.catais.brw.utils.ReadProperties [DEBUG] dbport: 5432
2013-05-30 18:09:46 org.catais.brw.utils.ReadProperties [DEBUG] dbname: rosebud2
2013-05-30 18:09:46 org.catais.brw.utils.ReadProperties [DEBUG] dbschema: dddd
2013-05-30 18:09:46 org.catais.brw.utils.ReadProperties [DEBUG] dbuser: mspublic
2013-05-30 18:09:46 org.catais.brw.utils.ReadProperties [DEBUG] dbpwd: mspublic
2013-05-30 18:09:46 org.catais.brw.utils.ReadProperties [DEBUG] dbadmin: stefan
2013-05-30 18:09:46 org.catais.brw.utils.ReadProperties [DEBUG] dbadminpwd: ziegler12
2013-05-30 18:09:46 org.catais.brw.App [DEBUG] {dbschema=dddd, frame=LV03, dbadmin=stefan, dbhost=localhost, dbport=5432, dbname=rosebud2, dbpwd=mspublic, srcdir=/home/stefan/tmp/itf_lv03_tmp/, dbadminpwd=ziegler12, dbuser=mspublic}
2013-05-30 18:09:46 org.catais.brw.interlis.IliReader [DEBUG] dbhost: localhost
2013-05-30 18:09:46 org.catais.brw.interlis.IliReader [DEBUG] dbport: 5432
2013-05-30 18:09:46 org.catais.brw.interlis.IliReader [DEBUG] dbport: rosebud2
2013-05-30 18:09:46 org.catais.brw.interlis.IliReader [DEBUG] dbschema: b1369930186239
2013-05-30 18:09:46 org.catais.brw.interlis.IliReader [DEBUG] dbuser: mspublic
2013-05-30 18:09:46 org.catais.brw.interlis.IliReader [DEBUG] dbpwd: mspublic
2013-05-30 18:09:46 org.catais.brw.interlis.IliReader [DEBUG] dbadmin: stefan
2013-05-30 18:09:46 org.catais.brw.interlis.IliReader [DEBUG] dbadminpwd: ziegler12
2013-05-30 18:09:46 org.catais.brw.interlis.IliReader [DEBUG] srcdir: /home/stefan/tmp/itf_lv03_tmp/
2013-05-30 18:09:46 org.catais.brw.interlis.IliReader [DEBUG] Interlis model name: Zonendaten_SO_10
2013-05-30 18:09:46 org.catais.brw.interlis.IliReader [DEBUG] interlis model compiled
2013-05-30 18:09:47 org.catais.brw.App [INFO] Start Reindexing...
2013-05-30 18:09:47 org.catais.brw.App [INFO] End Reindexing.
2013-05-30 18:09:47 org.catais.brw.App [INFO] Start Vacuum...
2013-05-30 18:09:47 org.catais.brw.App [INFO] End Vacuum.
2013-05-30 18:09:47 org.catais.brw.process.Processes [DEBUG] org.geotools.process.factory.AnnotationDrivenProcessFactory$InvokeMethodProcess@1766bfd8
2013-05-30 18:09:47 org.catais.brw.App [FATAL] org.geotools.process.ProcessException: Parameter arg0 is missing but has min multiplicity > 0
2013-05-30 18:09:47 org.catais.brw.App [INFO] Ende: Thu May 30 18:09:47 CEST 2013
